[32m2025-02-06 01:25:44 +0000[0m - dagster - [34mDEBUG[0m - buoy_data_job - 60a37acc-b15c-48e3-a9ac-7463896a15d2 - 3580593 - LOGS_CAPTURED - Started capturing logs in process (pid: 3580593).
[32m2025-02-06 01:25:44 +0000[0m - dagster - [34mDEBUG[0m - buoy_data_job - 60a37acc-b15c-48e3-a9ac-7463896a15d2 - 3580593 - raw_buoy_data - STEP_START - Started execution of step "raw_buoy_data".
[32m2025-02-06 01:25:44 +0000[0m - dagster - [34mINFO[0m - buoy_data_job - 60a37acc-b15c-48e3-a9ac-7463896a15d2 - raw_buoy_data - Starting wave data collection
ERROR:src.backend.stations.stations:Error fetching station IDs: (psycopg2.errors.UndefinedTable) relation "stations" does not exist
LINE 2: FROM stations
             ^

[SQL: SELECT stations.station_id 
FROM stations]
(Background on this error at: https://sqlalche.me/e/20/f405)
[32m2025-02-06 01:25:44 +0000[0m - dagster - [34mINFO[0m - buoy_data_job - 60a37acc-b15c-48e3-a9ac-7463896a15d2 - raw_buoy_data - Found 0 stations to process
[32m2025-02-06 01:25:44 +0000[0m - dagster - [34mINFO[0m - buoy_data_job - 60a37acc-b15c-48e3-a9ac-7463896a15d2 - raw_buoy_data - Wave data fetched successfully
[32m2025-02-06 01:25:44 +0000[0m - dagster - [34mINFO[0m - buoy_data_job - 60a37acc-b15c-48e3-a9ac-7463896a15d2 - raw_buoy_data - Processed 0 records from 0 stations
[32m2025-02-06 01:25:44 +0000[0m - dagster - [34mDEBUG[0m - buoy_data_job - 60a37acc-b15c-48e3-a9ac-7463896a15d2 - 3580593 - raw_buoy_data - STEP_OUTPUT - Yielded output "result" of type "DataFrame". (Type check passed).
[32m2025-02-06 01:25:44 +0000[0m - dagster - [34mINFO[0m - buoy_data_job - 60a37acc-b15c-48e3-a9ac-7463896a15d2 - raw_buoy_data - Writing 0 rows to wave_data_raw_buoy_data
[32m2025-02-06 01:25:44 +0000[0m - dagster - [34mINFO[0m - buoy_data_job - 60a37acc-b15c-48e3-a9ac-7463896a15d2 - raw_buoy_data - Table wave_data_raw_buoy_data does not exist. Creating it.
INFO:alembic.runtime.migration:Context impl SQLiteImpl.
INFO:alembic.runtime.migration:Will assume non-transactional DDL.
[32m2025-02-06 01:25:44 +0000[0m - dagster - [34mDEBUG[0m - buoy_data_job - 60a37acc-b15c-48e3-a9ac-7463896a15d2 - 3580593 - raw_buoy_data - ASSET_MATERIALIZATION - Materialized value raw_buoy_data.
[32m2025-02-06 01:25:44 +0000[0m - dagster - [34mDEBUG[0m - buoy_data_job - 60a37acc-b15c-48e3-a9ac-7463896a15d2 - 3580593 - raw_buoy_data - HANDLED_OUTPUT - Handled output "result" using IO manager "postgres_io"
[32m2025-02-06 01:25:44 +0000[0m - dagster - [34mDEBUG[0m - buoy_data_job - 60a37acc-b15c-48e3-a9ac-7463896a15d2 - 3580593 - raw_buoy_data - STEP_SUCCESS - Finished execution of step "raw_buoy_data" in 165ms.
