2024-11-11 22:08:15,382 INFO - Loaded executor: SequentialExecutor
2024-11-11 22:08:15,414 INFO - Starting the scheduler
2024-11-11 22:08:15,415 INFO - Processing each file at most -1 times
2024-11-11 22:08:15,422 INFO - Launched DagFileProcessorManager with pid: 1744074
2024-11-11 22:08:15,423 INFO - Adopting or resetting orphaned tasks for active dag runs
2024-11-11 22:08:15,426 INFO - Configured default timezone UTC
2024-11-11 22:13:15,576 INFO - Adopting or resetting orphaned tasks for active dag runs
2024-11-11 22:18:15,713 INFO - Adopting or resetting orphaned tasks for active dag runs
2024-11-11 22:23:15,850 INFO - Adopting or resetting orphaned tasks for active dag runs
2024-11-11 22:28:15,988 INFO - Adopting or resetting orphaned tasks for active dag runs
2024-11-11 22:33:16,133 INFO - Adopting or resetting orphaned tasks for active dag runs
2024-11-11 22:38:16,270 INFO - Adopting or resetting orphaned tasks for active dag runs
2024-11-11 22:43:16,277 INFO - Adopting or resetting orphaned tasks for active dag runs
2024-11-11 22:48:16,414 INFO - Adopting or resetting orphaned tasks for active dag runs
2024-11-11 22:53:16,554 INFO - Adopting or resetting orphaned tasks for active dag runs
2024-11-11 22:58:16,573 INFO - Adopting or resetting orphaned tasks for active dag runs
2024-11-11 23:03:16,709 INFO - Adopting or resetting orphaned tasks for active dag runs
2024-11-11 23:08:16,847 INFO - Adopting or resetting orphaned tasks for active dag runs
2024-11-11 23:13:16,937 INFO - Adopting or resetting orphaned tasks for active dag runs
2024-11-11 23:18:17,074 INFO - Adopting or resetting orphaned tasks for active dag runs
2024-11-11 23:23:17,210 INFO - Adopting or resetting orphaned tasks for active dag runs
2024-11-11 23:28:17,347 INFO - Adopting or resetting orphaned tasks for active dag runs
2024-11-11 23:33:17,485 INFO - Adopting or resetting orphaned tasks for active dag runs
2024-11-11 23:38:17,621 INFO - Adopting or resetting orphaned tasks for active dag runs
2024-11-11 23:43:17,731 INFO - Adopting or resetting orphaned tasks for active dag runs
2024-11-11 23:48:17,868 INFO - Adopting or resetting orphaned tasks for active dag runs
2024-11-11 23:53:17,899 INFO - Adopting or resetting orphaned tasks for active dag runs
2024-11-11 23:58:18,035 INFO - Adopting or resetting orphaned tasks for active dag runs
2024-11-12 00:03:18,175 INFO - Adopting or resetting orphaned tasks for active dag runs
2024-11-12 00:08:18,311 INFO - Adopting or resetting orphaned tasks for active dag runs
2024-11-12 00:13:18,318 INFO - Adopting or resetting orphaned tasks for active dag runs
2024-11-12 00:18:18,455 INFO - Adopting or resetting orphaned tasks for active dag runs
2024-11-12 00:23:18,623 INFO - Adopting or resetting orphaned tasks for active dag runs
2024-11-12 00:28:18,760 INFO - Adopting or resetting orphaned tasks for active dag runs
2024-11-12 00:33:18,897 INFO - Adopting or resetting orphaned tasks for active dag runs
2024-11-12 00:38:19,035 INFO - Adopting or resetting orphaned tasks for active dag runs
2024-11-12 00:43:19,278 INFO - Adopting or resetting orphaned tasks for active dag runs
2024-11-12 00:48:19,416 INFO - Adopting or resetting orphaned tasks for active dag runs
2024-11-12 00:53:19,552 INFO - Adopting or resetting orphaned tasks for active dag runs
2024-11-12 00:58:19,688 INFO - Adopting or resetting orphaned tasks for active dag runs
2024-11-12 01:03:19,825 INFO - Adopting or resetting orphaned tasks for active dag runs
2024-11-12 01:08:19,961 INFO - Adopting or resetting orphaned tasks for active dag runs
2024-11-12 01:13:20,098 INFO - Adopting or resetting orphaned tasks for active dag runs
2024-11-12 01:18:20,234 INFO - Adopting or resetting orphaned tasks for active dag runs
2024-11-12 01:23:20,371 INFO - Adopting or resetting orphaned tasks for active dag runs
2024-11-12 01:28:20,508 INFO - Adopting or resetting orphaned tasks for active dag runs
2024-11-12 01:33:20,645 INFO - Adopting or resetting orphaned tasks for active dag runs
2024-11-12 01:38:20,782 INFO - Adopting or resetting orphaned tasks for active dag runs
2024-11-12 01:43:20,918 INFO - Adopting or resetting orphaned tasks for active dag runs
2024-11-12 01:48:21,054 INFO - Adopting or resetting orphaned tasks for active dag runs
2024-11-12 01:53:21,191 INFO - Adopting or resetting orphaned tasks for active dag runs
2024-11-12 01:58:21,328 INFO - Adopting or resetting orphaned tasks for active dag runs
2024-11-12 02:03:21,464 INFO - Adopting or resetting orphaned tasks for active dag runs
2024-11-12 02:08:21,601 INFO - Adopting or resetting orphaned tasks for active dag runs
2024-11-12 02:13:21,738 INFO - Adopting or resetting orphaned tasks for active dag runs
2024-11-12 02:18:21,863 INFO - Adopting or resetting orphaned tasks for active dag runs
2024-11-12 02:23:22,000 INFO - Adopting or resetting orphaned tasks for active dag runs
2024-11-12 02:28:22,138 INFO - Adopting or resetting orphaned tasks for active dag runs
2024-11-12 02:33:22,275 INFO - Adopting or resetting orphaned tasks for active dag runs
2024-11-12 02:38:22,353 INFO - Adopting or resetting orphaned tasks for active dag runs
2024-11-12 02:43:22,489 INFO - Adopting or resetting orphaned tasks for active dag runs
2024-11-12 02:48:22,626 INFO - Adopting or resetting orphaned tasks for active dag runs
2024-11-12 02:53:22,768 INFO - Adopting or resetting orphaned tasks for active dag runs
2024-11-12 02:58:22,783 INFO - Adopting or resetting orphaned tasks for active dag runs
2024-11-12 03:03:22,924 INFO - Adopting or resetting orphaned tasks for active dag runs
2024-11-12 03:08:23,062 INFO - Adopting or resetting orphaned tasks for active dag runs
2024-11-12 03:13:23,199 INFO - Adopting or resetting orphaned tasks for active dag runs
2024-11-12 03:18:23,342 INFO - Adopting or resetting orphaned tasks for active dag runs
2024-11-12 03:23:23,478 INFO - Adopting or resetting orphaned tasks for active dag runs
2024-11-12 03:28:23,535 INFO - Adopting or resetting orphaned tasks for active dag runs
2024-11-12 03:33:23,639 INFO - Adopting or resetting orphaned tasks for active dag runs
2024-11-12 03:38:23,775 INFO - Adopting or resetting orphaned tasks for active dag runs
2024-11-12 03:43:23,794 INFO - Adopting or resetting orphaned tasks for active dag runs
2024-11-12 03:48:23,931 INFO - Adopting or resetting orphaned tasks for active dag runs
2024-11-12 03:53:24,068 INFO - Adopting or resetting orphaned tasks for active dag runs
2024-11-12 03:58:24,208 INFO - Adopting or resetting orphaned tasks for active dag runs
2024-11-12 04:03:24,344 INFO - Adopting or resetting orphaned tasks for active dag runs
2024-11-12 04:08:24,481 INFO - Adopting or resetting orphaned tasks for active dag runs
2024-11-12 04:13:24,818 INFO - Adopting or resetting orphaned tasks for active dag runs
2024-11-12 04:18:24,955 INFO - Adopting or resetting orphaned tasks for active dag runs
2024-11-12 04:23:25,091 INFO - Adopting or resetting orphaned tasks for active dag runs
2024-11-12 04:28:25,228 INFO - Adopting or resetting orphaned tasks for active dag runs
2024-11-12 04:33:25,365 INFO - Adopting or resetting orphaned tasks for active dag runs
2024-11-12 04:38:25,501 INFO - Adopting or resetting orphaned tasks for active dag runs
2024-11-12 04:43:25,639 INFO - Adopting or resetting orphaned tasks for active dag runs
2024-11-12 04:48:25,879 INFO - Adopting or resetting orphaned tasks for active dag runs
2024-11-12 04:53:25,911 INFO - Adopting or resetting orphaned tasks for active dag runs
2024-11-12 04:58:26,047 INFO - Adopting or resetting orphaned tasks for active dag runs
2024-11-12 05:03:26,185 INFO - Adopting or resetting orphaned tasks for active dag runs
2024-11-12 05:08:26,284 INFO - Adopting or resetting orphaned tasks for active dag runs
2024-11-12 05:13:26,420 INFO - Adopting or resetting orphaned tasks for active dag runs
2024-11-12 05:18:26,557 INFO - Adopting or resetting orphaned tasks for active dag runs
2024-11-12 05:23:26,694 INFO - Adopting or resetting orphaned tasks for active dag runs
2024-11-12 05:28:26,831 INFO - Adopting or resetting orphaned tasks for active dag runs
2024-11-12 05:33:26,968 INFO - Adopting or resetting orphaned tasks for active dag runs
2024-11-12 05:38:27,105 INFO - Adopting or resetting orphaned tasks for active dag runs
2024-11-12 05:43:27,242 INFO - Adopting or resetting orphaned tasks for active dag runs
2024-11-12 05:48:27,379 INFO - Adopting or resetting orphaned tasks for active dag runs
2024-11-12 05:53:27,516 INFO - Adopting or resetting orphaned tasks for active dag runs
2024-11-12 05:58:27,659 INFO - Adopting or resetting orphaned tasks for active dag runs
2024-11-12 06:03:27,765 INFO - Adopting or resetting orphaned tasks for active dag runs
2024-11-12 06:08:28,102 INFO - Adopting or resetting orphaned tasks for active dag runs
2024-11-12 06:13:28,339 INFO - Adopting or resetting orphaned tasks for active dag runs
2024-11-12 06:18:28,476 INFO - Adopting or resetting orphaned tasks for active dag runs
2024-11-12 06:23:28,530 INFO - Adopting or resetting orphaned tasks for active dag runs
2024-11-12 06:28:28,609 INFO - Adopting or resetting orphaned tasks for active dag runs
2024-11-12 06:33:28,746 INFO - Adopting or resetting orphaned tasks for active dag runs
2024-11-12 06:38:28,836 INFO - Adopting or resetting orphaned tasks for active dag runs
2024-11-12 06:43:28,973 INFO - Adopting or resetting orphaned tasks for active dag runs
2024-11-12 06:48:29,110 INFO - Adopting or resetting orphaned tasks for active dag runs
2024-11-12 06:53:29,247 INFO - Adopting or resetting orphaned tasks for active dag runs
2024-11-12 06:58:29,384 INFO - Adopting or resetting orphaned tasks for active dag runs
2024-11-12 07:03:29,526 INFO - Adopting or resetting orphaned tasks for active dag runs
2024-11-12 07:08:29,663 INFO - Adopting or resetting orphaned tasks for active dag runs
2024-11-12 07:13:29,891 INFO - Adopting or resetting orphaned tasks for active dag runs
2024-11-12 07:18:30,029 INFO - Adopting or resetting orphaned tasks for active dag runs
2024-11-12 07:23:30,165 INFO - Adopting or resetting orphaned tasks for active dag runs
2024-11-12 07:28:30,302 INFO - Adopting or resetting orphaned tasks for active dag runs
2024-11-12 07:33:30,439 INFO - Adopting or resetting orphaned tasks for active dag runs
2024-11-12 07:38:30,575 INFO - Adopting or resetting orphaned tasks for active dag runs
2024-11-12 07:43:30,604 INFO - Adopting or resetting orphaned tasks for active dag runs
2024-11-12 07:48:30,740 INFO - Adopting or resetting orphaned tasks for active dag runs
2024-11-12 07:53:30,876 INFO - Adopting or resetting orphaned tasks for active dag runs
2024-11-12 07:58:31,012 INFO - Adopting or resetting orphaned tasks for active dag runs
2024-11-12 08:03:31,249 INFO - Adopting or resetting orphaned tasks for active dag runs
2024-11-12 08:08:31,391 INFO - Adopting or resetting orphaned tasks for active dag runs
2024-11-12 08:13:31,628 INFO - Adopting or resetting orphaned tasks for active dag runs
2024-11-12 08:18:31,764 INFO - Adopting or resetting orphaned tasks for active dag runs
2024-11-12 08:23:31,792 INFO - Adopting or resetting orphaned tasks for active dag runs
2024-11-12 08:28:31,928 INFO - Adopting or resetting orphaned tasks for active dag runs
2024-11-12 08:33:32,065 INFO - Adopting or resetting orphaned tasks for active dag runs
2024-11-12 08:38:32,201 INFO - Adopting or resetting orphaned tasks for active dag runs
2024-11-12 08:43:32,336 INFO - Adopting or resetting orphaned tasks for active dag runs
2024-11-12 08:48:32,472 INFO - Adopting or resetting orphaned tasks for active dag runs
2024-11-12 08:53:32,612 INFO - Adopting or resetting orphaned tasks for active dag runs
2024-11-12 08:58:32,630 INFO - Adopting or resetting orphaned tasks for active dag runs
2024-11-12 09:03:32,766 INFO - Adopting or resetting orphaned tasks for active dag runs
2024-11-12 09:08:33,003 INFO - Adopting or resetting orphaned tasks for active dag runs
2024-11-12 09:13:33,146 INFO - Adopting or resetting orphaned tasks for active dag runs
2024-11-12 09:18:33,283 INFO - Adopting or resetting orphaned tasks for active dag runs
2024-11-12 09:23:33,420 INFO - Adopting or resetting orphaned tasks for active dag runs
2024-11-12 09:28:33,470 INFO - Adopting or resetting orphaned tasks for active dag runs
2024-11-12 09:33:33,606 INFO - Adopting or resetting orphaned tasks for active dag runs
2024-11-12 09:38:33,742 INFO - Adopting or resetting orphaned tasks for active dag runs
2024-11-12 09:43:33,879 INFO - Adopting or resetting orphaned tasks for active dag runs
2024-11-12 09:48:34,015 INFO - Adopting or resetting orphaned tasks for active dag runs
2024-11-12 09:53:34,070 INFO - Adopting or resetting orphaned tasks for active dag runs
2024-11-12 09:58:34,206 INFO - Adopting or resetting orphaned tasks for active dag runs
2024-11-12 10:03:34,342 INFO - Adopting or resetting orphaned tasks for active dag runs
2024-11-12 10:08:34,579 INFO - Adopting or resetting orphaned tasks for active dag runs
2024-11-12 10:13:34,815 INFO - Adopting or resetting orphaned tasks for active dag runs
2024-11-12 10:18:34,952 INFO - Adopting or resetting orphaned tasks for active dag runs
2024-11-12 10:23:35,089 INFO - Adopting or resetting orphaned tasks for active dag runs
2024-11-12 10:28:35,226 INFO - Adopting or resetting orphaned tasks for active dag runs
2024-11-12 10:33:35,362 INFO - Adopting or resetting orphaned tasks for active dag runs
2024-11-12 10:38:35,499 INFO - Adopting or resetting orphaned tasks for active dag runs
2024-11-12 10:43:35,635 INFO - Adopting or resetting orphaned tasks for active dag runs
2024-11-12 10:48:35,772 INFO - Adopting or resetting orphaned tasks for active dag runs
2024-11-12 10:53:35,911 INFO - Adopting or resetting orphaned tasks for active dag runs
2024-11-12 10:58:36,019 INFO - Adopting or resetting orphaned tasks for active dag runs
2024-11-12 11:03:36,074 INFO - Adopting or resetting orphaned tasks for active dag runs
2024-11-12 11:08:36,210 INFO - Adopting or resetting orphaned tasks for active dag runs
2024-11-12 11:13:36,345 INFO - Adopting or resetting orphaned tasks for active dag runs
2024-11-12 11:18:36,483 INFO - Adopting or resetting orphaned tasks for active dag runs
2024-11-12 11:23:36,619 INFO - Adopting or resetting orphaned tasks for active dag runs
2024-11-12 11:28:36,651 INFO - Adopting or resetting orphaned tasks for active dag runs
2024-11-12 11:33:36,787 INFO - Adopting or resetting orphaned tasks for active dag runs
2024-11-12 11:38:37,025 INFO - Adopting or resetting orphaned tasks for active dag runs
2024-11-12 11:43:37,162 INFO - Adopting or resetting orphaned tasks for active dag runs
2024-11-12 11:48:37,299 INFO - Adopting or resetting orphaned tasks for active dag runs
2024-11-12 11:53:37,434 INFO - Adopting or resetting orphaned tasks for active dag runs
2024-11-12 11:58:37,514 INFO - Adopting or resetting orphaned tasks for active dag runs
2024-11-12 12:03:37,650 INFO - Adopting or resetting orphaned tasks for active dag runs
2024-11-12 12:08:37,886 INFO - Adopting or resetting orphaned tasks for active dag runs
2024-11-12 12:13:37,963 INFO - Adopting or resetting orphaned tasks for active dag runs
2024-11-12 12:18:38,099 INFO - Adopting or resetting orphaned tasks for active dag runs
2024-11-12 12:23:38,235 INFO - Adopting or resetting orphaned tasks for active dag runs
2024-11-12 12:28:38,371 INFO - Adopting or resetting orphaned tasks for active dag runs
2024-11-12 12:33:38,507 INFO - Adopting or resetting orphaned tasks for active dag runs
2024-11-12 12:38:38,643 INFO - Adopting or resetting orphaned tasks for active dag runs
2024-11-12 12:43:38,780 INFO - Adopting or resetting orphaned tasks for active dag runs
2024-11-12 12:48:38,915 INFO - Adopting or resetting orphaned tasks for active dag runs
2024-11-12 12:53:39,055 INFO - Adopting or resetting orphaned tasks for active dag runs
2024-11-12 12:58:39,192 INFO - Adopting or resetting orphaned tasks for active dag runs
2024-11-12 13:03:39,228 INFO - Adopting or resetting orphaned tasks for active dag runs
2024-11-12 13:08:39,366 INFO - Adopting or resetting orphaned tasks for active dag runs
2024-11-12 13:13:39,501 INFO - Adopting or resetting orphaned tasks for active dag runs
2024-11-12 13:18:39,552 INFO - Adopting or resetting orphaned tasks for active dag runs
2024-11-12 13:23:39,688 INFO - Adopting or resetting orphaned tasks for active dag runs
2024-11-12 13:28:39,825 INFO - Adopting or resetting orphaned tasks for active dag runs
2024-11-12 13:33:39,907 INFO - Adopting or resetting orphaned tasks for active dag runs
2024-11-12 13:38:40,044 INFO - Adopting or resetting orphaned tasks for active dag runs
2024-11-12 13:43:40,181 INFO - Adopting or resetting orphaned tasks for active dag runs
2024-11-12 13:48:40,316 INFO - Adopting or resetting orphaned tasks for active dag runs
2024-11-12 13:53:40,452 INFO - Adopting or resetting orphaned tasks for active dag runs
2024-11-12 13:58:40,589 INFO - Adopting or resetting orphaned tasks for active dag runs
2024-11-12 14:03:40,725 INFO - Adopting or resetting orphaned tasks for active dag runs
2024-11-12 14:08:40,826 INFO - Adopting or resetting orphaned tasks for active dag runs
2024-11-12 14:13:40,963 INFO - Adopting or resetting orphaned tasks for active dag runs
2024-11-12 14:18:41,201 INFO - Adopting or resetting orphaned tasks for active dag runs
2024-11-12 14:23:41,438 INFO - Adopting or resetting orphaned tasks for active dag runs
2024-11-12 14:28:41,574 INFO - Adopting or resetting orphaned tasks for active dag runs
2024-11-12 14:33:41,710 INFO - Adopting or resetting orphaned tasks for active dag runs
2024-11-12 14:38:41,796 INFO - Adopting or resetting orphaned tasks for active dag runs
2024-11-12 14:43:41,932 INFO - Adopting or resetting orphaned tasks for active dag runs
2024-11-12 14:48:42,169 INFO - Adopting or resetting orphaned tasks for active dag runs
2024-11-12 14:53:42,306 INFO - Adopting or resetting orphaned tasks for active dag runs
2024-11-12 14:58:42,442 INFO - Adopting or resetting orphaned tasks for active dag runs
2024-11-12 15:03:42,579 INFO - Adopting or resetting orphaned tasks for active dag runs
2024-11-12 15:08:42,716 INFO - Adopting or resetting orphaned tasks for active dag runs
2024-11-12 15:13:42,853 INFO - Adopting or resetting orphaned tasks for active dag runs
2024-11-12 15:18:42,989 INFO - Adopting or resetting orphaned tasks for active dag runs
2024-11-12 15:23:43,126 INFO - Adopting or resetting orphaned tasks for active dag runs
2024-11-12 15:28:43,137 INFO - Adopting or resetting orphaned tasks for active dag runs
2024-11-12 15:33:43,224 INFO - Adopting or resetting orphaned tasks for active dag runs
2024-11-12 15:38:43,360 INFO - Adopting or resetting orphaned tasks for active dag runs
2024-11-12 15:43:43,500 INFO - Adopting or resetting orphaned tasks for active dag runs
2024-11-12 15:48:43,636 INFO - Adopting or resetting orphaned tasks for active dag runs
2024-11-12 15:53:43,772 INFO - Adopting or resetting orphaned tasks for active dag runs
