[2024-11-11T22:08:15.382+0000] {executor_loader.py:254} INFO - Loaded executor: SequentialExecutor
[2024-11-11T22:08:15.414+0000] {scheduler_job_runner.py:938} INFO - Starting the scheduler
[2024-11-11T22:08:15.415+0000] {scheduler_job_runner.py:945} INFO - Processing each file at most -1 times
[2024-11-11T22:08:15.422+0000] {manager.py:174} INFO - Launched DagFileProcessorManager with pid: 1744074
[2024-11-11T22:08:15.423+0000] {scheduler_job_runner.py:1852} INFO - Adopting or resetting orphaned tasks for active dag runs
[2024-11-11T22:08:15.426+0000] {settings.py:63} INFO - Configured default timezone UTC
[2024-11-11T22:08:15.453+0000] {manager.py:406} WARNING - Because we cannot use more than 1 thread (parsing_processes = 2) when using sqlite. So we set parallelism to 1.
[2024-11-11T22:13:15.576+0000] {scheduler_job_runner.py:1852} INFO - Adopting or resetting orphaned tasks for active dag runs
[2024-11-11T22:18:15.713+0000] {scheduler_job_runner.py:1852} INFO - Adopting or resetting orphaned tasks for active dag runs
[2024-11-11T22:23:15.850+0000] {scheduler_job_runner.py:1852} INFO - Adopting or resetting orphaned tasks for active dag runs
[2024-11-11T22:28:15.988+0000] {scheduler_job_runner.py:1852} INFO - Adopting or resetting orphaned tasks for active dag runs
[2024-11-11T22:33:16.133+0000] {scheduler_job_runner.py:1852} INFO - Adopting or resetting orphaned tasks for active dag runs
[2024-11-11T22:38:16.270+0000] {scheduler_job_runner.py:1852} INFO - Adopting or resetting orphaned tasks for active dag runs
[2024-11-11T22:43:16.277+0000] {scheduler_job_runner.py:1852} INFO - Adopting or resetting orphaned tasks for active dag runs
[2024-11-11T22:48:16.414+0000] {scheduler_job_runner.py:1852} INFO - Adopting or resetting orphaned tasks for active dag runs
[2024-11-11T22:53:16.554+0000] {scheduler_job_runner.py:1852} INFO - Adopting or resetting orphaned tasks for active dag runs
[2024-11-11T22:58:16.573+0000] {scheduler_job_runner.py:1852} INFO - Adopting or resetting orphaned tasks for active dag runs
[2024-11-11T23:03:16.709+0000] {scheduler_job_runner.py:1852} INFO - Adopting or resetting orphaned tasks for active dag runs
[2024-11-11T23:08:16.847+0000] {scheduler_job_runner.py:1852} INFO - Adopting or resetting orphaned tasks for active dag runs
[2024-11-11T23:13:16.937+0000] {scheduler_job_runner.py:1852} INFO - Adopting or resetting orphaned tasks for active dag runs
[2024-11-11T23:18:17.074+0000] {scheduler_job_runner.py:1852} INFO - Adopting or resetting orphaned tasks for active dag runs
[2024-11-11T23:23:17.210+0000] {scheduler_job_runner.py:1852} INFO - Adopting or resetting orphaned tasks for active dag runs
[2024-11-11T23:28:17.347+0000] {scheduler_job_runner.py:1852} INFO - Adopting or resetting orphaned tasks for active dag runs
[2024-11-11T23:33:17.485+0000] {scheduler_job_runner.py:1852} INFO - Adopting or resetting orphaned tasks for active dag runs
[2024-11-11T23:38:17.621+0000] {scheduler_job_runner.py:1852} INFO - Adopting or resetting orphaned tasks for active dag runs
[2024-11-11T23:43:17.731+0000] {scheduler_job_runner.py:1852} INFO - Adopting or resetting orphaned tasks for active dag runs
[2024-11-11T23:48:17.868+0000] {scheduler_job_runner.py:1852} INFO - Adopting or resetting orphaned tasks for active dag runs
[2024-11-11T23:53:17.899+0000] {scheduler_job_runner.py:1852} INFO - Adopting or resetting orphaned tasks for active dag runs
[2024-11-11T23:58:18.035+0000] {scheduler_job_runner.py:1852} INFO - Adopting or resetting orphaned tasks for active dag runs
[2024-11-12T00:03:18.175+0000] {scheduler_job_runner.py:1852} INFO - Adopting or resetting orphaned tasks for active dag runs
[2024-11-12T00:08:18.311+0000] {scheduler_job_runner.py:1852} INFO - Adopting or resetting orphaned tasks for active dag runs
[2024-11-12T00:13:18.318+0000] {scheduler_job_runner.py:1852} INFO - Adopting or resetting orphaned tasks for active dag runs
[2024-11-12T00:18:18.455+0000] {scheduler_job_runner.py:1852} INFO - Adopting or resetting orphaned tasks for active dag runs
[2024-11-12T00:23:18.623+0000] {scheduler_job_runner.py:1852} INFO - Adopting or resetting orphaned tasks for active dag runs
[2024-11-12T00:28:18.760+0000] {scheduler_job_runner.py:1852} INFO - Adopting or resetting orphaned tasks for active dag runs
[2024-11-12T00:33:18.897+0000] {scheduler_job_runner.py:1852} INFO - Adopting or resetting orphaned tasks for active dag runs
[2024-11-12T00:38:19.035+0000] {scheduler_job_runner.py:1852} INFO - Adopting or resetting orphaned tasks for active dag runs
[2024-11-12T00:43:19.278+0000] {scheduler_job_runner.py:1852} INFO - Adopting or resetting orphaned tasks for active dag runs
[2024-11-12T00:48:19.416+0000] {scheduler_job_runner.py:1852} INFO - Adopting or resetting orphaned tasks for active dag runs
[2024-11-12T00:53:19.552+0000] {scheduler_job_runner.py:1852} INFO - Adopting or resetting orphaned tasks for active dag runs
[2024-11-12T00:58:19.688+0000] {scheduler_job_runner.py:1852} INFO - Adopting or resetting orphaned tasks for active dag runs
[2024-11-12T01:03:19.825+0000] {scheduler_job_runner.py:1852} INFO - Adopting or resetting orphaned tasks for active dag runs
[2024-11-12T01:08:19.961+0000] {scheduler_job_runner.py:1852} INFO - Adopting or resetting orphaned tasks for active dag runs
[2024-11-12T01:13:20.098+0000] {scheduler_job_runner.py:1852} INFO - Adopting or resetting orphaned tasks for active dag runs
[2024-11-12T01:18:20.234+0000] {scheduler_job_runner.py:1852} INFO - Adopting or resetting orphaned tasks for active dag runs
[2024-11-12T01:23:20.371+0000] {scheduler_job_runner.py:1852} INFO - Adopting or resetting orphaned tasks for active dag runs
[2024-11-12T01:28:20.508+0000] {scheduler_job_runner.py:1852} INFO - Adopting or resetting orphaned tasks for active dag runs
[2024-11-12T01:33:20.645+0000] {scheduler_job_runner.py:1852} INFO - Adopting or resetting orphaned tasks for active dag runs
[2024-11-12T01:38:20.782+0000] {scheduler_job_runner.py:1852} INFO - Adopting or resetting orphaned tasks for active dag runs
[2024-11-12T01:43:20.918+0000] {scheduler_job_runner.py:1852} INFO - Adopting or resetting orphaned tasks for active dag runs
[2024-11-12T01:48:21.054+0000] {scheduler_job_runner.py:1852} INFO - Adopting or resetting orphaned tasks for active dag runs
[2024-11-12T01:53:21.191+0000] {scheduler_job_runner.py:1852} INFO - Adopting or resetting orphaned tasks for active dag runs
[2024-11-12T01:58:21.328+0000] {scheduler_job_runner.py:1852} INFO - Adopting or resetting orphaned tasks for active dag runs
[2024-11-12T02:03:21.464+0000] {scheduler_job_runner.py:1852} INFO - Adopting or resetting orphaned tasks for active dag runs
[2024-11-12T02:08:21.601+0000] {scheduler_job_runner.py:1852} INFO - Adopting or resetting orphaned tasks for active dag runs
[2024-11-12T02:13:21.738+0000] {scheduler_job_runner.py:1852} INFO - Adopting or resetting orphaned tasks for active dag runs
[2024-11-12T02:18:21.863+0000] {scheduler_job_runner.py:1852} INFO - Adopting or resetting orphaned tasks for active dag runs
[2024-11-12T02:23:22.000+0000] {scheduler_job_runner.py:1852} INFO - Adopting or resetting orphaned tasks for active dag runs
[2024-11-12T02:28:22.138+0000] {scheduler_job_runner.py:1852} INFO - Adopting or resetting orphaned tasks for active dag runs
[2024-11-12T02:33:22.275+0000] {scheduler_job_runner.py:1852} INFO - Adopting or resetting orphaned tasks for active dag runs
[2024-11-12T02:38:22.353+0000] {scheduler_job_runner.py:1852} INFO - Adopting or resetting orphaned tasks for active dag runs
[2024-11-12T02:43:22.489+0000] {scheduler_job_runner.py:1852} INFO - Adopting or resetting orphaned tasks for active dag runs
[2024-11-12T02:48:22.626+0000] {scheduler_job_runner.py:1852} INFO - Adopting or resetting orphaned tasks for active dag runs
[2024-11-12T02:53:22.768+0000] {scheduler_job_runner.py:1852} INFO - Adopting or resetting orphaned tasks for active dag runs
[2024-11-12T02:58:22.783+0000] {scheduler_job_runner.py:1852} INFO - Adopting or resetting orphaned tasks for active dag runs
[2024-11-12T03:03:22.924+0000] {scheduler_job_runner.py:1852} INFO - Adopting or resetting orphaned tasks for active dag runs
[2024-11-12T03:08:23.062+0000] {scheduler_job_runner.py:1852} INFO - Adopting or resetting orphaned tasks for active dag runs
[2024-11-12T03:13:23.199+0000] {scheduler_job_runner.py:1852} INFO - Adopting or resetting orphaned tasks for active dag runs
[2024-11-12T03:18:23.342+0000] {scheduler_job_runner.py:1852} INFO - Adopting or resetting orphaned tasks for active dag runs
[2024-11-12T03:23:23.478+0000] {scheduler_job_runner.py:1852} INFO - Adopting or resetting orphaned tasks for active dag runs
[2024-11-12T03:28:23.535+0000] {scheduler_job_runner.py:1852} INFO - Adopting or resetting orphaned tasks for active dag runs
[2024-11-12T03:33:23.639+0000] {scheduler_job_runner.py:1852} INFO - Adopting or resetting orphaned tasks for active dag runs
[2024-11-12T03:38:23.775+0000] {scheduler_job_runner.py:1852} INFO - Adopting or resetting orphaned tasks for active dag runs
[2024-11-12T03:43:23.794+0000] {scheduler_job_runner.py:1852} INFO - Adopting or resetting orphaned tasks for active dag runs
[2024-11-12T03:48:23.931+0000] {scheduler_job_runner.py:1852} INFO - Adopting or resetting orphaned tasks for active dag runs
[2024-11-12T03:53:24.068+0000] {scheduler_job_runner.py:1852} INFO - Adopting or resetting orphaned tasks for active dag runs
[2024-11-12T03:58:24.208+0000] {scheduler_job_runner.py:1852} INFO - Adopting or resetting orphaned tasks for active dag runs
[2024-11-12T04:03:24.344+0000] {scheduler_job_runner.py:1852} INFO - Adopting or resetting orphaned tasks for active dag runs
[2024-11-12T04:08:24.481+0000] {scheduler_job_runner.py:1852} INFO - Adopting or resetting orphaned tasks for active dag runs
[2024-11-12T04:13:24.818+0000] {scheduler_job_runner.py:1852} INFO - Adopting or resetting orphaned tasks for active dag runs
[2024-11-12T04:18:24.955+0000] {scheduler_job_runner.py:1852} INFO - Adopting or resetting orphaned tasks for active dag runs
[2024-11-12T04:23:25.091+0000] {scheduler_job_runner.py:1852} INFO - Adopting or resetting orphaned tasks for active dag runs
[2024-11-12T04:28:25.228+0000] {scheduler_job_runner.py:1852} INFO - Adopting or resetting orphaned tasks for active dag runs
[2024-11-12T04:33:25.365+0000] {scheduler_job_runner.py:1852} INFO - Adopting or resetting orphaned tasks for active dag runs
[2024-11-12T04:38:25.501+0000] {scheduler_job_runner.py:1852} INFO - Adopting or resetting orphaned tasks for active dag runs
[2024-11-12T04:43:25.639+0000] {scheduler_job_runner.py:1852} INFO - Adopting or resetting orphaned tasks for active dag runs
[2024-11-12T04:48:25.879+0000] {scheduler_job_runner.py:1852} INFO - Adopting or resetting orphaned tasks for active dag runs
[2024-11-12T04:53:25.911+0000] {scheduler_job_runner.py:1852} INFO - Adopting or resetting orphaned tasks for active dag runs
[2024-11-12T04:58:26.047+0000] {scheduler_job_runner.py:1852} INFO - Adopting or resetting orphaned tasks for active dag runs
[2024-11-12T05:03:26.185+0000] {scheduler_job_runner.py:1852} INFO - Adopting or resetting orphaned tasks for active dag runs
[2024-11-12T05:08:26.284+0000] {scheduler_job_runner.py:1852} INFO - Adopting or resetting orphaned tasks for active dag runs
[2024-11-12T05:13:26.420+0000] {scheduler_job_runner.py:1852} INFO - Adopting or resetting orphaned tasks for active dag runs
[2024-11-12T05:18:26.557+0000] {scheduler_job_runner.py:1852} INFO - Adopting or resetting orphaned tasks for active dag runs
[2024-11-12T05:23:26.694+0000] {scheduler_job_runner.py:1852} INFO - Adopting or resetting orphaned tasks for active dag runs
[2024-11-12T05:28:26.831+0000] {scheduler_job_runner.py:1852} INFO - Adopting or resetting orphaned tasks for active dag runs
[2024-11-12T05:33:26.968+0000] {scheduler_job_runner.py:1852} INFO - Adopting or resetting orphaned tasks for active dag runs
[2024-11-12T05:38:27.105+0000] {scheduler_job_runner.py:1852} INFO - Adopting or resetting orphaned tasks for active dag runs
[2024-11-12T05:43:27.242+0000] {scheduler_job_runner.py:1852} INFO - Adopting or resetting orphaned tasks for active dag runs
[2024-11-12T05:48:27.379+0000] {scheduler_job_runner.py:1852} INFO - Adopting or resetting orphaned tasks for active dag runs
[2024-11-12T05:53:27.516+0000] {scheduler_job_runner.py:1852} INFO - Adopting or resetting orphaned tasks for active dag runs
[2024-11-12T05:58:27.659+0000] {scheduler_job_runner.py:1852} INFO - Adopting or resetting orphaned tasks for active dag runs
[2024-11-12T06:03:27.765+0000] {scheduler_job_runner.py:1852} INFO - Adopting or resetting orphaned tasks for active dag runs
[2024-11-12T06:08:28.102+0000] {scheduler_job_runner.py:1852} INFO - Adopting or resetting orphaned tasks for active dag runs
[2024-11-12T06:13:28.339+0000] {scheduler_job_runner.py:1852} INFO - Adopting or resetting orphaned tasks for active dag runs
[2024-11-12T06:18:28.476+0000] {scheduler_job_runner.py:1852} INFO - Adopting or resetting orphaned tasks for active dag runs
[2024-11-12T06:23:28.530+0000] {scheduler_job_runner.py:1852} INFO - Adopting or resetting orphaned tasks for active dag runs
[2024-11-12T06:28:28.609+0000] {scheduler_job_runner.py:1852} INFO - Adopting or resetting orphaned tasks for active dag runs
[2024-11-12T06:33:28.746+0000] {scheduler_job_runner.py:1852} INFO - Adopting or resetting orphaned tasks for active dag runs
[2024-11-12T06:38:28.836+0000] {scheduler_job_runner.py:1852} INFO - Adopting or resetting orphaned tasks for active dag runs
[2024-11-12T06:43:28.973+0000] {scheduler_job_runner.py:1852} INFO - Adopting or resetting orphaned tasks for active dag runs
[2024-11-12T06:48:29.110+0000] {scheduler_job_runner.py:1852} INFO - Adopting or resetting orphaned tasks for active dag runs
[2024-11-12T06:53:29.247+0000] {scheduler_job_runner.py:1852} INFO - Adopting or resetting orphaned tasks for active dag runs
[2024-11-12T06:58:29.384+0000] {scheduler_job_runner.py:1852} INFO - Adopting or resetting orphaned tasks for active dag runs
[2024-11-12T07:03:29.526+0000] {scheduler_job_runner.py:1852} INFO - Adopting or resetting orphaned tasks for active dag runs
[2024-11-12T07:08:29.663+0000] {scheduler_job_runner.py:1852} INFO - Adopting or resetting orphaned tasks for active dag runs
[2024-11-12T07:13:29.891+0000] {scheduler_job_runner.py:1852} INFO - Adopting or resetting orphaned tasks for active dag runs
[2024-11-12T07:18:30.029+0000] {scheduler_job_runner.py:1852} INFO - Adopting or resetting orphaned tasks for active dag runs
[2024-11-12T07:23:30.165+0000] {scheduler_job_runner.py:1852} INFO - Adopting or resetting orphaned tasks for active dag runs
[2024-11-12T07:28:30.302+0000] {scheduler_job_runner.py:1852} INFO - Adopting or resetting orphaned tasks for active dag runs
[2024-11-12T07:33:30.439+0000] {scheduler_job_runner.py:1852} INFO - Adopting or resetting orphaned tasks for active dag runs
[2024-11-12T07:38:30.575+0000] {scheduler_job_runner.py:1852} INFO - Adopting or resetting orphaned tasks for active dag runs
[2024-11-12T07:43:30.604+0000] {scheduler_job_runner.py:1852} INFO - Adopting or resetting orphaned tasks for active dag runs
[2024-11-12T07:48:30.740+0000] {scheduler_job_runner.py:1852} INFO - Adopting or resetting orphaned tasks for active dag runs
[2024-11-12T07:53:30.876+0000] {scheduler_job_runner.py:1852} INFO - Adopting or resetting orphaned tasks for active dag runs
[2024-11-12T07:58:31.012+0000] {scheduler_job_runner.py:1852} INFO - Adopting or resetting orphaned tasks for active dag runs
[2024-11-12T08:03:31.249+0000] {scheduler_job_runner.py:1852} INFO - Adopting or resetting orphaned tasks for active dag runs
[2024-11-12T08:08:31.391+0000] {scheduler_job_runner.py:1852} INFO - Adopting or resetting orphaned tasks for active dag runs
[2024-11-12T08:13:31.628+0000] {scheduler_job_runner.py:1852} INFO - Adopting or resetting orphaned tasks for active dag runs
[2024-11-12T08:18:31.764+0000] {scheduler_job_runner.py:1852} INFO - Adopting or resetting orphaned tasks for active dag runs
[2024-11-12T08:23:31.792+0000] {scheduler_job_runner.py:1852} INFO - Adopting or resetting orphaned tasks for active dag runs
[2024-11-12T08:28:31.928+0000] {scheduler_job_runner.py:1852} INFO - Adopting or resetting orphaned tasks for active dag runs
[2024-11-12T08:33:32.065+0000] {scheduler_job_runner.py:1852} INFO - Adopting or resetting orphaned tasks for active dag runs
[2024-11-12T08:38:32.201+0000] {scheduler_job_runner.py:1852} INFO - Adopting or resetting orphaned tasks for active dag runs
[2024-11-12T08:43:32.336+0000] {scheduler_job_runner.py:1852} INFO - Adopting or resetting orphaned tasks for active dag runs
[2024-11-12T08:48:32.472+0000] {scheduler_job_runner.py:1852} INFO - Adopting or resetting orphaned tasks for active dag runs
[2024-11-12T08:53:32.612+0000] {scheduler_job_runner.py:1852} INFO - Adopting or resetting orphaned tasks for active dag runs
[2024-11-12T08:58:32.630+0000] {scheduler_job_runner.py:1852} INFO - Adopting or resetting orphaned tasks for active dag runs
[2024-11-12T09:03:32.766+0000] {scheduler_job_runner.py:1852} INFO - Adopting or resetting orphaned tasks for active dag runs
[2024-11-12T09:08:33.003+0000] {scheduler_job_runner.py:1852} INFO - Adopting or resetting orphaned tasks for active dag runs
[2024-11-12T09:13:33.146+0000] {scheduler_job_runner.py:1852} INFO - Adopting or resetting orphaned tasks for active dag runs
[2024-11-12T09:18:33.283+0000] {scheduler_job_runner.py:1852} INFO - Adopting or resetting orphaned tasks for active dag runs
[2024-11-12T09:23:33.420+0000] {scheduler_job_runner.py:1852} INFO - Adopting or resetting orphaned tasks for active dag runs
[2024-11-12T09:28:33.470+0000] {scheduler_job_runner.py:1852} INFO - Adopting or resetting orphaned tasks for active dag runs
[2024-11-12T09:33:33.606+0000] {scheduler_job_runner.py:1852} INFO - Adopting or resetting orphaned tasks for active dag runs
[2024-11-12T09:38:33.742+0000] {scheduler_job_runner.py:1852} INFO - Adopting or resetting orphaned tasks for active dag runs
[2024-11-12T09:43:33.879+0000] {scheduler_job_runner.py:1852} INFO - Adopting or resetting orphaned tasks for active dag runs
[2024-11-12T09:48:34.015+0000] {scheduler_job_runner.py:1852} INFO - Adopting or resetting orphaned tasks for active dag runs
[2024-11-12T09:53:34.070+0000] {scheduler_job_runner.py:1852} INFO - Adopting or resetting orphaned tasks for active dag runs
[2024-11-12T09:58:34.206+0000] {scheduler_job_runner.py:1852} INFO - Adopting or resetting orphaned tasks for active dag runs
[2024-11-12T10:03:34.342+0000] {scheduler_job_runner.py:1852} INFO - Adopting or resetting orphaned tasks for active dag runs
[2024-11-12T10:08:34.579+0000] {scheduler_job_runner.py:1852} INFO - Adopting or resetting orphaned tasks for active dag runs
[2024-11-12T10:13:34.815+0000] {scheduler_job_runner.py:1852} INFO - Adopting or resetting orphaned tasks for active dag runs
[2024-11-12T10:18:34.952+0000] {scheduler_job_runner.py:1852} INFO - Adopting or resetting orphaned tasks for active dag runs
[2024-11-12T10:23:35.089+0000] {scheduler_job_runner.py:1852} INFO - Adopting or resetting orphaned tasks for active dag runs
[2024-11-12T10:28:35.226+0000] {scheduler_job_runner.py:1852} INFO - Adopting or resetting orphaned tasks for active dag runs
[2024-11-12T10:33:35.362+0000] {scheduler_job_runner.py:1852} INFO - Adopting or resetting orphaned tasks for active dag runs
[2024-11-12T10:38:35.499+0000] {scheduler_job_runner.py:1852} INFO - Adopting or resetting orphaned tasks for active dag runs
[2024-11-12T10:43:35.635+0000] {scheduler_job_runner.py:1852} INFO - Adopting or resetting orphaned tasks for active dag runs
[2024-11-12T10:48:35.772+0000] {scheduler_job_runner.py:1852} INFO - Adopting or resetting orphaned tasks for active dag runs
[2024-11-12T10:53:35.911+0000] {scheduler_job_runner.py:1852} INFO - Adopting or resetting orphaned tasks for active dag runs
[2024-11-12T10:58:36.019+0000] {scheduler_job_runner.py:1852} INFO - Adopting or resetting orphaned tasks for active dag runs
[2024-11-12T11:03:36.074+0000] {scheduler_job_runner.py:1852} INFO - Adopting or resetting orphaned tasks for active dag runs
[2024-11-12T11:08:36.210+0000] {scheduler_job_runner.py:1852} INFO - Adopting or resetting orphaned tasks for active dag runs
[2024-11-12T11:13:36.345+0000] {scheduler_job_runner.py:1852} INFO - Adopting or resetting orphaned tasks for active dag runs
[2024-11-12T11:18:36.483+0000] {scheduler_job_runner.py:1852} INFO - Adopting or resetting orphaned tasks for active dag runs
[2024-11-12T11:23:36.619+0000] {scheduler_job_runner.py:1852} INFO - Adopting or resetting orphaned tasks for active dag runs
[2024-11-12T11:28:36.651+0000] {scheduler_job_runner.py:1852} INFO - Adopting or resetting orphaned tasks for active dag runs
[2024-11-12T11:33:36.787+0000] {scheduler_job_runner.py:1852} INFO - Adopting or resetting orphaned tasks for active dag runs
[2024-11-12T11:38:37.025+0000] {scheduler_job_runner.py:1852} INFO - Adopting or resetting orphaned tasks for active dag runs
[2024-11-12T11:43:37.162+0000] {scheduler_job_runner.py:1852} INFO - Adopting or resetting orphaned tasks for active dag runs
[2024-11-12T11:48:37.299+0000] {scheduler_job_runner.py:1852} INFO - Adopting or resetting orphaned tasks for active dag runs
[2024-11-12T11:53:37.434+0000] {scheduler_job_runner.py:1852} INFO - Adopting or resetting orphaned tasks for active dag runs
[2024-11-12T11:58:37.514+0000] {scheduler_job_runner.py:1852} INFO - Adopting or resetting orphaned tasks for active dag runs
[2024-11-12T12:03:37.650+0000] {scheduler_job_runner.py:1852} INFO - Adopting or resetting orphaned tasks for active dag runs
[2024-11-12T12:08:37.886+0000] {scheduler_job_runner.py:1852} INFO - Adopting or resetting orphaned tasks for active dag runs
[2024-11-12T12:13:37.963+0000] {scheduler_job_runner.py:1852} INFO - Adopting or resetting orphaned tasks for active dag runs
[2024-11-12T12:18:38.099+0000] {scheduler_job_runner.py:1852} INFO - Adopting or resetting orphaned tasks for active dag runs
[2024-11-12T12:23:38.235+0000] {scheduler_job_runner.py:1852} INFO - Adopting or resetting orphaned tasks for active dag runs
[2024-11-12T12:28:38.371+0000] {scheduler_job_runner.py:1852} INFO - Adopting or resetting orphaned tasks for active dag runs
[2024-11-12T12:33:38.507+0000] {scheduler_job_runner.py:1852} INFO - Adopting or resetting orphaned tasks for active dag runs
[2024-11-12T12:38:38.643+0000] {scheduler_job_runner.py:1852} INFO - Adopting or resetting orphaned tasks for active dag runs
[2024-11-12T12:43:38.780+0000] {scheduler_job_runner.py:1852} INFO - Adopting or resetting orphaned tasks for active dag runs
[2024-11-12T12:48:38.915+0000] {scheduler_job_runner.py:1852} INFO - Adopting or resetting orphaned tasks for active dag runs
[2024-11-12T12:53:39.055+0000] {scheduler_job_runner.py:1852} INFO - Adopting or resetting orphaned tasks for active dag runs
[2024-11-12T12:58:39.192+0000] {scheduler_job_runner.py:1852} INFO - Adopting or resetting orphaned tasks for active dag runs
[2024-11-12T13:03:39.228+0000] {scheduler_job_runner.py:1852} INFO - Adopting or resetting orphaned tasks for active dag runs
[2024-11-12T13:08:39.366+0000] {scheduler_job_runner.py:1852} INFO - Adopting or resetting orphaned tasks for active dag runs
[2024-11-12T13:13:39.501+0000] {scheduler_job_runner.py:1852} INFO - Adopting or resetting orphaned tasks for active dag runs
[2024-11-12T13:18:39.552+0000] {scheduler_job_runner.py:1852} INFO - Adopting or resetting orphaned tasks for active dag runs
[2024-11-12T13:23:39.688+0000] {scheduler_job_runner.py:1852} INFO - Adopting or resetting orphaned tasks for active dag runs
[2024-11-12T13:28:39.825+0000] {scheduler_job_runner.py:1852} INFO - Adopting or resetting orphaned tasks for active dag runs
[2024-11-12T13:33:39.907+0000] {scheduler_job_runner.py:1852} INFO - Adopting or resetting orphaned tasks for active dag runs
[2024-11-12T13:38:40.044+0000] {scheduler_job_runner.py:1852} INFO - Adopting or resetting orphaned tasks for active dag runs
[2024-11-12T13:43:40.181+0000] {scheduler_job_runner.py:1852} INFO - Adopting or resetting orphaned tasks for active dag runs
[2024-11-12T13:48:40.316+0000] {scheduler_job_runner.py:1852} INFO - Adopting or resetting orphaned tasks for active dag runs
[2024-11-12T13:53:40.452+0000] {scheduler_job_runner.py:1852} INFO - Adopting or resetting orphaned tasks for active dag runs
[2024-11-12T13:58:40.589+0000] {scheduler_job_runner.py:1852} INFO - Adopting or resetting orphaned tasks for active dag runs
[2024-11-12T14:03:40.725+0000] {scheduler_job_runner.py:1852} INFO - Adopting or resetting orphaned tasks for active dag runs
[2024-11-12T14:08:40.826+0000] {scheduler_job_runner.py:1852} INFO - Adopting or resetting orphaned tasks for active dag runs
[2024-11-12T14:13:40.963+0000] {scheduler_job_runner.py:1852} INFO - Adopting or resetting orphaned tasks for active dag runs
[2024-11-12T14:18:41.201+0000] {scheduler_job_runner.py:1852} INFO - Adopting or resetting orphaned tasks for active dag runs
[2024-11-12T14:23:41.438+0000] {scheduler_job_runner.py:1852} INFO - Adopting or resetting orphaned tasks for active dag runs
[2024-11-12T14:28:41.574+0000] {scheduler_job_runner.py:1852} INFO - Adopting or resetting orphaned tasks for active dag runs
[2024-11-12T14:33:41.710+0000] {scheduler_job_runner.py:1852} INFO - Adopting or resetting orphaned tasks for active dag runs
[2024-11-12T14:38:41.796+0000] {scheduler_job_runner.py:1852} INFO - Adopting or resetting orphaned tasks for active dag runs
[2024-11-12T14:43:41.932+0000] {scheduler_job_runner.py:1852} INFO - Adopting or resetting orphaned tasks for active dag runs
[2024-11-12T14:48:42.169+0000] {scheduler_job_runner.py:1852} INFO - Adopting or resetting orphaned tasks for active dag runs
[2024-11-12T14:53:42.306+0000] {scheduler_job_runner.py:1852} INFO - Adopting or resetting orphaned tasks for active dag runs
[2024-11-12T14:58:42.442+0000] {scheduler_job_runner.py:1852} INFO - Adopting or resetting orphaned tasks for active dag runs
[2024-11-12T15:03:42.579+0000] {scheduler_job_runner.py:1852} INFO - Adopting or resetting orphaned tasks for active dag runs
[2024-11-12T15:08:42.716+0000] {scheduler_job_runner.py:1852} INFO - Adopting or resetting orphaned tasks for active dag runs
[2024-11-12T15:13:42.853+0000] {scheduler_job_runner.py:1852} INFO - Adopting or resetting orphaned tasks for active dag runs
[2024-11-12T15:18:42.989+0000] {scheduler_job_runner.py:1852} INFO - Adopting or resetting orphaned tasks for active dag runs
[2024-11-12T15:23:43.126+0000] {scheduler_job_runner.py:1852} INFO - Adopting or resetting orphaned tasks for active dag runs
[2024-11-12T15:28:43.137+0000] {scheduler_job_runner.py:1852} INFO - Adopting or resetting orphaned tasks for active dag runs
[2024-11-12T15:33:43.224+0000] {scheduler_job_runner.py:1852} INFO - Adopting or resetting orphaned tasks for active dag runs
[2024-11-12T15:38:43.360+0000] {scheduler_job_runner.py:1852} INFO - Adopting or resetting orphaned tasks for active dag runs
[2024-11-12T15:43:43.500+0000] {scheduler_job_runner.py:1852} INFO - Adopting or resetting orphaned tasks for active dag runs
[2024-11-12T15:48:43.636+0000] {scheduler_job_runner.py:1852} INFO - Adopting or resetting orphaned tasks for active dag runs
[2024-11-12T15:53:43.772+0000] {scheduler_job_runner.py:1852} INFO - Adopting or resetting orphaned tasks for active dag runs
